<?xml version="1.0" encoding="UTF-8"?>
<!-- Generated by org.testng.reporters.JUnitReportReporter -->
<testsuite hostname="varagarw-WX-2" name="maint.Tests" tests="5" failures="0" timestamp="24 Dec 2018 12:12:44 GMT" time="55.785" errors="0">
  <testcase name="LoginUser" time="3.442" classname="maint.Tests"/>
  <testcase name="createUser" time="16.888" classname="maint.Tests"/>
  <testcase name="openHomepage" time="11.943" classname="maint.Tests"/>
  <testcase name="DeleteUser" time="9.813" classname="maint.Tests"/>
  <testcase name="editUser" time="13.699" classname="maint.Tests"/>
</testsuite> <!-- maint.Tests -->
